<?xml version="1.0" encoding="UTF-8"?>
<!-- Generated by org.testng.reporters.JUnitReportReporter -->
<testsuite hostname="LAPTOP-OMJGV3AU" failures="0" tests="2" name="com.example.tests.LoginTest" time="2.445" errors="0" timestamp="2025-09-13T22:23:14 IST" skipped="0">
  <testcase classname="com.example.tests.LoginTest" name="verifyLoginPageTitle" time="0.578"/>
  <testcase classname="com.example.tests.LoginTest" name="performLoginTest" time="1.867"/>
</testsuite> <!-- com.example.tests.LoginTest -->
