<?xml version="1.0" encoding="UTF-8"?>
<!-- Generated by org.testng.reporters.JUnitReportReporter -->
<testsuite hostname="LAPTOP-OMJGV3AU" failures="0" tests="1" name="com.example.tests.LoginTest" time="0.020" errors="0" timestamp="2025-09-12T12:39:45 IST" skipped="0">
  <testcase classname="com.example.tests.LoginTest" name="verifyLoginPageTitle" time="0.020"/>
</testsuite> <!-- com.example.tests.LoginTest -->
